Arguments: 
  /usr/bin/node /usr/share/yarn/bin/yarn.js

PATH: 
  /home/vb/.zinit/polaris/bin:/usr/local/sbin:/usr/local/bin:/usr/sbin:/usr/bin:/sbin:/bin:/usr/games:/usr/local/games:/snap/bin

Yarn version: 
  1.22.5

Node version: 
  16.5.0

Platform: 
  linux x64

Trace: 
  SyntaxError: /home/vb/Shared/PROJETOS/ReactProjects/react-bundlers/react-webpack/package.json: Unexpected token } in JSON at position 560
      at JSON.parse (<anonymous>)
      at /usr/share/yarn/lib/cli.js:1625:59
      at Generator.next (<anonymous>)
      at step (/usr/share/yarn/lib/cli.js:310:30)
      at /usr/share/yarn/lib/cli.js:321:13

npm manifest: 
  {
    "name": "react-webpack",
    "version": "1.0.0",
    "description": "",
    "main": "index.js",
    "scripts": {
      "build": "webpack --mode production",
      "start": "webpack serve --open --mode development --liveReload"
    },
    "author": "",
    "license": "ISC",
    "dependencies": {
      "react": "^17.0.2",
      "react-dom": "^17.0.2",
      "@babel/core": "^7.15.0",
      "@babel/preset-env": "^7.15.0",
      "@babel/preset-react": "^7.14.5",
      "babel-loader": "^8.2.2",
      "html-webpack-plugin": "^5.3.2",
      "webpack": "^5.48.0",
      "webpack-cli": "^4.7.2",
    }
  }

yarn manifest: 
  No manifest

Lockfile: 
  No lockfile
